
WARNING 2025-01-02 00:36:34,061 log Not Found: /lien_de_telechargement
WARNING 2025-01-02 04:31:22,119 log Not Found: /favicon.ico
WARNING 2025-01-02 04:31:28,308 log Not Found: /favicon.ico
WARNING 2025-01-02 05:24:03,881 log Not Found: /favicon.ico
WARNING 2025-01-02 06:26:14,453 log Not Found: /favicon.ico
WARNING 2025-01-02 06:48:10,149 log Not Found: /favicon.ico
WARNING 2025-01-02 06:48:40,365 log Not Found: /lien_de_telechargement
WARNING 2025-01-02 07:01:25,223 log Not Found: /favicon.ico
INFO 2025-01-02 09:33:46,533 email_utils Email d'approbation envoyé avec succès à dosyca35@gmail.com
WARNING 2025-01-02 09:34:19,985 log Bad Request: /authapp/signup/
WARNING 2025-01-02 09:34:27,590 log Bad Request: /authapp/signup/
WARNING 2025-01-02 09:34:38,506 log Bad Request: /authapp/signup/
INFO 2025-01-02 09:41:39,531 email_utils Email d'approbation envoyé avec succès à dosyc@gmail.com
WARNING 2025-01-02 09:57:59,244 log Bad Request: /authapp/signup/
WARNING 2025-01-02 09:58:07,910 log Bad Request: /authapp/signup/
INFO 2025-01-02 10:07:01,090 email_utils Email d'approbation envoyé avec succès à calprine.donfack@facsciences-UY1.cm
WARNING 2025-01-02 10:07:17,363 log Not Found: /user/profile
WARNING 2025-01-02 10:07:31,451 log Not Found: /api/notifications-by-level/
WARNING 2025-01-02 10:09:51,528 log Not Found: /user/profile
WARNING 2025-01-02 10:12:02,109 log Not Found: /authapp/login/
WARNING 2025-01-02 10:12:06,793 log Not Found: /authapp/login/
WARNING 2025-01-02 10:14:08,067 log Not Found: /user/profile
WARNING 2025-01-02 10:18:51,425 log Not Found: /api/notifications-by-level/
WARNING 2025-01-02 11:22:27,879 log Not Found: /reservations
WARNING 2025-01-02 11:22:55,365 log Unauthorized: /api/notifications-by-level/
WARNING 2025-01-02 11:23:05,201 log Not Found: /reservations
WARNING 2025-01-02 12:46:46,977 log Not Found: /reservations
WARNING 2025-01-02 12:47:20,613 log Unauthorized: /api/notifications-by-level/
WARNING 2025-01-02 12:47:57,488 log Not Found: /reservations
WARNING 2025-01-02 12:52:41,956 log Not Found: /reservations
WARNING 2025-01-02 13:08:15,173 log Not Found: /reservations
WARNING 2025-01-02 13:28:10,331 log Unauthorized: /api/notifications-by-level/
WARNING 2025-01-02 13:28:40,160 log Not Found: /reservations
WARNING 2025-01-02 13:33:47,784 log Bad Request: /authapp/signup/
WARNING 2025-01-02 13:33:51,347 log Bad Request: /authapp/signup/
WARNING 2025-01-02 13:33:54,507 log Bad Request: /authapp/signup/
WARNING 2025-01-02 13:33:56,640 log Bad Request: /authapp/signup/
WARNING 2025-01-02 13:33:58,940 log Bad Request: /authapp/signup/
WARNING 2025-01-02 13:34:01,047 log Bad Request: /authapp/signup/
INFO 2025-01-02 13:34:54,120 email_utils Email d'approbation envoyé avec succès à carlos35@gmail.com
WARNING 2025-01-02 13:41:52,998 log Not Found: /favicon.ico
WARNING 2025-01-02 13:41:53,693 log Not Found: /favicon.ico
WARNING 2025-01-02 17:55:39,410 log Not Found: /favicon.ico
WARNING 2025-01-02 18:15:42,929 log Not Found: /favicon.ico
WARNING 2025-01-02 18:15:57,174 log Not Found: /lien_de_telechargement
WARNING 2025-01-02 19:19:31,547 log Not Found: /favicon.ico
WARNING 2025-01-02 19:24:09,710 log Not Found: /favicon.ico
